<?xml version="1.0" encoding="UTF-8"?>
<!-- Generated by org.testng.reporters.JUnitXMLReporter -->
<testsuite ignored="0" hostname="LAPTOP-I5CU4DT5" failures="0" tests="2" name="Default test" time="0.086" errors="0" timestamp="2022-02-13T15:44:21 IST">
  <testcase classname="test.validateTestcaseForFacebook" name="@BeforeTest LaunchtheBrowser" time="-1.64474726102E9">
    <failure type="org.testng.TestNGException" message="
Parameter &amp;apos;browser&amp;apos; is required by BeforeTest on method LaunchtheBrowser but has not been marked @Optional or defined
in C:\Users\Lenovo\AppData\Local\Temp\testng-eclipse--825389299\testng-customsuite.xml">
      <![CDATA[org.testng.TestNGException: 
Parameter 'browser' is required by BeforeTest on method LaunchtheBrowser but has not been marked @Optional or defined
in C:\Users\Lenovo\AppData\Local\Temp\testng-eclipse--825389299\testng-customsuite.xml
at org.testng.internal.Parameters.createParams(Parameters.java:270)
at org.testng.internal.Parameters.createParametersForMethod(Parameters.java:358)
at org.testng.internal.Parameters.createParameters(Parameters.java:700)
at org.testng.internal.Parameters.createConfigurationParameters(Parameters.java:168)
at org.testng.internal.ConfigInvoker.invokeConfigurations(ConfigInvoker.java:302)
at org.testng.TestRunner.invokeTestConfigurations(TestRunner.java:637)
at org.testng.TestRunner.beforeRun(TestRunner.java:627)
at org.testng.TestRunner.run(TestRunner.java:589)
at org.testng.SuiteRunner.runTest(SuiteRunner.java:377)
at org.testng.SuiteRunner.runSequentially(SuiteRunner.java:371)
at org.testng.SuiteRunner.privateRun(SuiteRunner.java:332)
at org.testng.SuiteRunner.run(SuiteRunner.java:276)
at org.testng.SuiteRunnerWorker.runSuite(SuiteRunnerWorker.java:53)
at org.testng.SuiteRunnerWorker.run(SuiteRunnerWorker.java:96)
at org.testng.TestNG.runSuitesSequentially(TestNG.java:1212)
at org.testng.TestNG.runSuitesLocally(TestNG.java:1134)
at org.testng.TestNG.runSuites(TestNG.java:1063)
at org.testng.TestNG.run(TestNG.java:1031)
at org.testng.remote.AbstractRemoteTestNG.run(AbstractRemoteTestNG.java:115)
at org.testng.remote.RemoteTestNG.initAndRun(RemoteTestNG.java:251)
at org.testng.remote.RemoteTestNG.main(RemoteTestNG.java:77)
]]>
    </failure>
  </testcase> <!-- @BeforeTest LaunchtheBrowser -->
  <testcase classname="test.validateTestcaseForFacebook" name="@BeforeClass createPOMobject" time="-1.644747261053E9">
    <skipped/>
  </testcase> <!-- @BeforeClass createPOMobject -->
  <testcase classname="test.validateTestcaseForFacebook" name="@BeforeMethod validateForLogin" time="-1.644747261069E9">
    <skipped/>
  </testcase> <!-- @BeforeMethod validateForLogin -->
  <testcase classname="test.validateTestcaseForFacebook" name="@AfterMethod ForLogout" time="-1.644747261083E9">
    <skipped/>
  </testcase> <!-- @AfterMethod ForLogout -->
  <testcase classname="test.validateTestcaseForFacebook" name="@BeforeMethod validateForLogin" time="-1.644747261086E9">
    <skipped/>
  </testcase> <!-- @BeforeMethod validateForLogin -->
  <testcase classname="test.validateTestcaseForFacebook" name="@AfterMethod ForLogout" time="-1.644747261092E9">
    <skipped/>
  </testcase> <!-- @AfterMethod ForLogout -->
  <testcase classname="test.validateTestcaseForFacebook" name="@AfterClass ClearthePOMobject" time="-1.644747261096E9">
    <skipped/>
  </testcase> <!-- @AfterClass ClearthePOMobject -->
  <testcase classname="test.validateTestcaseForFacebook" name="@AfterTest CloseTheBrowser" time="-1.644747261101E9">
    <skipped/>
  </testcase> <!-- @AfterTest CloseTheBrowser -->
  <testcase classname="test.validateTestcaseForFacebook" name="ValidateForHomePage" time="0.0">
    <skipped/>
  </testcase> <!-- ValidateForHomePage -->
  <testcase classname="test.validateTestcaseForFacebook" name="validateForFriendRequest" time="0.0">
    <skipped/>
  </testcase> <!-- validateForFriendRequest -->
</testsuite> <!-- Default test -->
